<?xml version="1.0" encoding="UTF-8"?>
<!-- Generated by org.testng.reporters.JUnitReportReporter -->
<testsuite skipped="0" hostname="BlackSpirit" name="com.testautomation.tests.HomePageTest" tests="1" failures="0" timestamp="21 Jul 2019 11:32:15 GMT" time="7.789" errors="0">
  <testcase name="Test1" time="7.789" classname="com.testautomation.tests.HomePageTest"/>
</testsuite> <!-- com.testautomation.tests.HomePageTest -->
